#
# There is insufficient memory for the Java Runtime Environment to continue.
# Native memory allocation (malloc) failed to allocate 110416 bytes for Chunk::new
# Possible reasons:
#   The system is out of physical RAM or swap space
#   The process is running with CompressedOops enabled, and the Java Heap may be blocking the growth of the native heap
# Possible solutions:
#   Reduce memory load on the system
#   Increase physical memory or swap space
#   Check if swap backing store is full
#   Decrease Java heap size (-Xmx/-Xms)
#   Decrease number of Java threads
#   Decrease Java thread stack sizes (-Xss)
#   Set larger code cache with -XX:ReservedCodeCacheSize=
#   JVM is running with Unscaled Compressed Oops mode in which the Java heap is
#     placed in the first 4GB address space. The Java Heap base address is the
#     maximum limit for the native heap growth. Please use -XX:HeapBaseMinAddress
#     to set the Java Heap base and to place the Java Heap above 4GB virtual address.
# This output file may be truncated or incomplete.
#
#  Out of Memory Error (arena.cpp:184), pid=9628, tid=6240
#
# JRE version: Java(TM) SE Runtime Environment (19.0+36) (build 19+36-2238)
# Java VM: Java HotSpot(TM) 64-Bit Server VM (19+36-2238, mixed mode, sharing, tiered, compressed oops, compressed class ptrs, g1 gc, windows-amd64)
# No core dump will be written. Minidumps are not enabled by default on client versions of Windows
#

---------------  S U M M A R Y ------------

Command Line: -javaagent:C:\Program Files\JetBrains\IntelliJ IDEA 2022.2.3\lib\idea_rt.jar=58559:C:\Program Files\JetBrains\IntelliJ IDEA 2022.2.3\bin -Dfile.encoding=UTF-8 -Dsun.stdout.encoding=UTF-8 -Dsun.stderr.encoding=UTF-8 Main

Host: AMD Ryzen 5 3500U with Radeon Vega Mobile Gfx  , 8 cores, 5G,  Windows 10 , 64 bit Build 19041 (10.0.19041.2546)
Time: Sat Mar  4 11:16:20 2023 Hora est. Pacífico, Sudamérica elapsed time: 0.240047 seconds (0d 0h 0m 0s)

---------------  T H R E A D  ---------------

Current thread (0x000001cd21f7eeb0):  JavaThread "C2 CompilerThread0" daemon [_thread_in_native, id=6240, stack(0x000000406be00000,0x000000406bf00000)]


Current CompileTask:
C2:    240  269       4       java.util.regex.Matcher::search (154 bytes)

Stack: [0x000000406be00000,0x000000406bf00000]
Native frames: (J=compiled Java code, j=interpreted, Vv=VM code, C=native code)
V  [jvm.dll+0x6ee8fa]
V  [jvm.dll+0x857a1e]
V  [jvm.dll+0x85940e]
V  [jvm.dll+0x859ac3]
V  [jvm.dll+0x28291f]
V  [jvm.dll+0xc9b5f]
V  [jvm.dll+0xc9ee5]
V  [jvm.dll+0x2f7c6f]
V  [jvm.dll+0x5f0c5b]
V  [jvm.dll+0x254d73]
V  [jvm.dll+0x24dd16]
V  [jvm.dll+0x24b563]
V  [jvm.dll+0x1d6d61]
V  [jvm.dll+0x25b0fa]
V  [jvm.dll+0x259588]
V  [jvm.dll+0x807928]
V  [jvm.dll+0x8015fa]
V  [jvm.dll+0x6ed5eb]
C  [ucrtbase.dll+0x21bb2]
C  [KERNEL32.DLL+0x17614]
C  [ntdll.dll+0x526a1]


---------------  P R O C E S S  ---------------

Threads class SMR info:
_java_thread_list=0x000001cd26292fc0, length=13, elements={
0x000001cd04a2b8a0, 0x000001cd21f6ec60, 0x000001cd21f6fa50, 0x000001cd21f73b20,
0x000001cd21f77b30, 0x000001cd21f78820, 0x000001cd21f7c2f0, 0x000001cd21f7eeb0,
0x000001cd21f89840, 0x000001cd21f94990, 0x000001cd21f44e30, 0x000001cd26270b30,
0x000001cd262a1790
}

Java Threads: ( => current thread )
  0x000001cd04a2b8a0 JavaThread "main" [_thread_in_native, id=8572, stack(0x000000406b100000,0x000000406b200000)]
  0x000001cd21f6ec60 JavaThread "Reference Handler" daemon [_thread_blocked, id=13776, stack(0x000000406b800000,0x000000406b900000)]
  0x000001cd21f6fa50 JavaThread "Finalizer" daemon [_thread_blocked, id=4168, stack(0x000000406b900000,0x000000406ba00000)]
  0x000001cd21f73b20 JavaThread "Signal Dispatcher" daemon [_thread_blocked, id=15120, stack(0x000000406ba00000,0x000000406bb00000)]
  0x000001cd21f77b30 JavaThread "Attach Listener" daemon [_thread_blocked, id=10488, stack(0x000000406bb00000,0x000000406bc00000)]
  0x000001cd21f78820 JavaThread "Service Thread" daemon [_thread_blocked, id=6164, stack(0x000000406bc00000,0x000000406bd00000)]
  0x000001cd21f7c2f0 JavaThread "Monitor Deflation Thread" daemon [_thread_blocked, id=11652, stack(0x000000406bd00000,0x000000406be00000)]
=>0x000001cd21f7eeb0 JavaThread "C2 CompilerThread0" daemon [_thread_in_native, id=6240, stack(0x000000406be00000,0x000000406bf00000)]
  0x000001cd21f89840 JavaThread "C1 CompilerThread0" daemon [_thread_blocked, id=3452, stack(0x000000406bf00000,0x000000406c000000)]
  0x000001cd21f94990 JavaThread "Sweeper thread" daemon [_thread_blocked, id=14752, stack(0x000000406c000000,0x000000406c100000)]
  0x000001cd21f44e30 JavaThread "Common-Cleaner" daemon [_thread_blocked, id=12436, stack(0x000000406c100000,0x000000406c200000)]
  0x000001cd26270b30 JavaThread "Monitor Ctrl-Break" daemon [_thread_in_native, id=9676, stack(0x000000406c200000,0x000000406c300000)]
  0x000001cd262a1790 JavaThread "Notification Thread" daemon [_thread_blocked, id=6592, stack(0x000000406c300000,0x000000406c400000)]

Other Threads:
  0x000001cd21f55930 VMThread "VM Thread" [stack: 0x000000406b700000,0x000000406b800000] [id=12704]
  0x000001cd262a5180 WatcherThread "VM Periodic Task Thread" [stack: 0x000000406c400000,0x000000406c500000] [id=12556]
  0x000001cd04a7ca10 WorkerThread "GC Thread#0" [stack: 0x000000406b200000,0x000000406b300000] [id=12852]
  0x000001cd04a89fa0 ConcurrentGCThread "G1 Main Marker" [stack: 0x000000406b300000,0x000000406b400000] [id=1184]
  0x000001cd04a8c180 WorkerThread "G1 Conc#0" [stack: 0x000000406b400000,0x000000406b500000] [id=2704]
  0x000001cd21e134d0 ConcurrentGCThread "G1 Refine#0" [stack: 0x000000406b500000,0x000000406b600000] [id=4004]
  0x000001cd04afcf30 ConcurrentGCThread "G1 Service" [stack: 0x000000406b600000,0x000000406b700000] [id=7660]

Threads with active compile tasks:
C2 CompilerThread0      301  269       4       java.util.regex.Matcher::search (154 bytes)

VM state: not at safepoint (normal execution)

VM Mutex/Monitor currently owned by a thread: None

Heap address: 0x00000000a0c00000, size: 1524 MB, Compressed Oops mode: 32-bit

CDS archive(s) mapped at: [0x0000000800000000-0x0000000800c40000-0x0000000800c40000), size 12845056, SharedBaseAddress: 0x0000000800000000, ArchiveRelocationMode: 0.
Compressed class space mapped at: 0x0000000801000000-0x0000000841000000, reserved size: 1073741824
Narrow klass base: 0x0000000800000000, Narrow klass shift: 0, Narrow klass range: 0x100000000

GC Precious Log:
 CardTable entry size: 512
 Card Set container configuration: InlinePtr #cards 5 size 8 Array Of Cards #cards 12 size 40 Howl #buckets 4 coarsen threshold 1843 Howl Bitmap #cards 512 size 80 coarsen threshold 460 Card regions per heap region 1 cards per card region 2048
 CPUs: 8 total, 8 available
 Memory: 6091M
 Large Page Support: Disabled
 NUMA Support: Disabled
 Compressed Oops: Enabled (32-bit)
 Heap Region Size: 1M
 Heap Min Capacity: 8M
 Heap Initial Capacity: 96M
 Heap Max Capacity: 1524M
 Pre-touch: Disabled
 Parallel Workers: 8
 Concurrent Workers: 2
 Concurrent Refinement Workers: 8
 Periodic GC: Disabled

Heap:
 garbage-first heap   total 98304K, used 3072K [0x00000000a0c00000, 0x0000000100000000)
  region size 1024K, 4 young (4096K), 0 survivors (0K)
 Metaspace       used 978K, committed 1088K, reserved 1114112K
  class space    used 74K, committed 128K, reserved 1048576K

Heap Regions: E=young(eden), S=young(survivor), O=old, HS=humongous(starts), HC=humongous(continues), CS=collection set, F=free, OA=open archive, CA=closed archive, TAMS=top-at-mark-start (previous, next)
|   0|0x00000000a0c00000, 0x00000000a0c00000, 0x00000000a0d00000|  0%| F|  |TAMS 0x00000000a0c00000, 0x00000000a0c00000| Untracked 
|   1|0x00000000a0d00000, 0x00000000a0d00000, 0x00000000a0e00000|  0%| F|  |TAMS 0x00000000a0d00000, 0x00000000a0d00000| Untracked 
|   2|0x00000000a0e00000, 0x00000000a0e00000, 0x00000000a0f00000|  0%| F|  |TAMS 0x00000000a0e00000, 0x00000000a0e00000| Untracked 
|   3|0x00000000a0f00000, 0x00000000a0f00000, 0x00000000a1000000|  0%| F|  |TAMS 0x00000000a0f00000, 0x00000000a0f00000| Untracked 
|   4|0x00000000a1000000, 0x00000000a1000000, 0x00000000a1100000|  0%| F|  |TAMS 0x00000000a1000000, 0x00000000a1000000| Untracked 
|   5|0x00000000a1100000, 0x00000000a1100000, 0x00000000a1200000|  0%| F|  |TAMS 0x00000000a1100000, 0x00000000a1100000| Untracked 
|   6|0x00000000a1200000, 0x00000000a1200000, 0x00000000a1300000|  0%| F|  |TAMS 0x00000000a1200000, 0x00000000a1200000| Untracked 
|   7|0x00000000a1300000, 0x00000000a1300000, 0x00000000a1400000|  0%| F|  |TAMS 0x00000000a1300000, 0x00000000a1300000| Untracked 
|   8|0x00000000a1400000, 0x00000000a1400000, 0x00000000a1500000|  0%| F|  |TAMS 0x00000000a1400000, 0x00000000a1400000| Untracked 
|   9|0x00000000a1500000, 0x00000000a1500000, 0x00000000a1600000|  0%| F|  |TAMS 0x00000000a1500000, 0x00000000a1500000| Untracked 
|  10|0x00000000a1600000, 0x00000000a1600000, 0x00000000a1700000|  0%| F|  |TAMS 0x00000000a1600000, 0x00000000a1600000| Untracked 
|  11|0x00000000a1700000, 0x00000000a1700000, 0x00000000a1800000|  0%| F|  |TAMS 0x00000000a1700000, 0x00000000a1700000| Untracked 
|  12|0x00000000a1800000, 0x00000000a1800000, 0x00000000a1900000|  0%| F|  |TAMS 0x00000000a1800000, 0x00000000a1800000| Untracked 
|  13|0x00000000a1900000, 0x00000000a1900000, 0x00000000a1a00000|  0%| F|  |TAMS 0x00000000a1900000, 0x00000000a1900000| Untracked 
|  14|0x00000000a1a00000, 0x00000000a1a00000, 0x00000000a1b00000|  0%| F|  |TAMS 0x00000000a1a00000, 0x00000000a1a00000| Untracked 
|  15|0x00000000a1b00000, 0x00000000a1b00000, 0x00000000a1c00000|  0%| F|  |TAMS 0x00000000a1b00000, 0x00000000a1b00000| Untracked 
|  16|0x00000000a1c00000, 0x00000000a1c00000, 0x00000000a1d00000|  0%| F|  |TAMS 0x00000000a1c00000, 0x00000000a1c00000| Untracked 
|  17|0x00000000a1d00000, 0x00000000a1d00000, 0x00000000a1e00000|  0%| F|  |TAMS 0x00000000a1d00000, 0x00000000a1d00000| Untracked 
|  18|0x00000000a1e00000, 0x00000000a1e00000, 0x00000000a1f00000|  0%| F|  |TAMS 0x00000000a1e00000, 0x00000000a1e00000| Untracked 
|  19|0x00000000a1f00000, 0x00000000a1f00000, 0x00000000a2000000|  0%| F|  |TAMS 0x00000000a1f00000, 0x00000000a1f00000| Untracked 
|  20|0x00000000a2000000, 0x00000000a2000000, 0x00000000a2100000|  0%| F|  |TAMS 0x00000000a2000000, 0x00000000a2000000| Untracked 
|  21|0x00000000a2100000, 0x00000000a2100000, 0x00000000a2200000|  0%| F|  |TAMS 0x00000000a2100000, 0x00000000a2100000| Untracked 
|  22|0x00000000a2200000, 0x00000000a2200000, 0x00000000a2300000|  0%| F|  |TAMS 0x00000000a2200000, 0x00000000a2200000| Untracked 
|  23|0x00000000a2300000, 0x00000000a2300000, 0x00000000a2400000|  0%| F|  |TAMS 0x00000000a2300000, 0x00000000a2300000| Untracked 
|  24|0x00000000a2400000, 0x00000000a2400000, 0x00000000a2500000|  0%| F|  |TAMS 0x00000000a2400000, 0x00000000a2400000| Untracked 
|  25|0x00000000a2500000, 0x00000000a2500000, 0x00000000a2600000|  0%| F|  |TAMS 0x00000000a2500000, 0x00000000a2500000| Untracked 
|  26|0x00000000a2600000, 0x00000000a2600000, 0x00000000a2700000|  0%| F|  |TAMS 0x00000000a2600000, 0x00000000a2600000| Untracked 
|  27|0x00000000a2700000, 0x00000000a2700000, 0x00000000a2800000|  0%| F|  |TAMS 0x00000000a2700000, 0x00000000a2700000| Untracked 
|  28|0x00000000a2800000, 0x00000000a2800000, 0x00000000a2900000|  0%| F|  |TAMS 0x00000000a2800000, 0x00000000a2800000| Untracked 
|  29|0x00000000a2900000, 0x00000000a2900000, 0x00000000a2a00000|  0%| F|  |TAMS 0x00000000a2900000, 0x00000000a2900000| Untracked 
|  30|0x00000000a2a00000, 0x00000000a2a00000, 0x00000000a2b00000|  0%| F|  |TAMS 0x00000000a2a00000, 0x00000000a2a00000| Untracked 
|  31|0x00000000a2b00000, 0x00000000a2b00000, 0x00000000a2c00000|  0%| F|  |TAMS 0x00000000a2b00000, 0x00000000a2b00000| Untracked 
|  32|0x00000000a2c00000, 0x00000000a2c00000, 0x00000000a2d00000|  0%| F|  |TAMS 0x00000000a2c00000, 0x00000000a2c00000| Untracked 
|  33|0x00000000a2d00000, 0x00000000a2d00000, 0x00000000a2e00000|  0%| F|  |TAMS 0x00000000a2d00000, 0x00000000a2d00000| Untracked 
|  34|0x00000000a2e00000, 0x00000000a2e00000, 0x00000000a2f00000|  0%| F|  |TAMS 0x00000000a2e00000, 0x00000000a2e00000| Untracked 
|  35|0x00000000a2f00000, 0x00000000a2f00000, 0x00000000a3000000|  0%| F|  |TAMS 0x00000000a2f00000, 0x00000000a2f00000| Untracked 
|  36|0x00000000a3000000, 0x00000000a3000000, 0x00000000a3100000|  0%| F|  |TAMS 0x00000000a3000000, 0x00000000a3000000| Untracked 
|  37|0x00000000a3100000, 0x00000000a3100000, 0x00000000a3200000|  0%| F|  |TAMS 0x00000000a3100000, 0x00000000a3100000| Untracked 
|  38|0x00000000a3200000, 0x00000000a3200000, 0x00000000a3300000|  0%| F|  |TAMS 0x00000000a3200000, 0x00000000a3200000| Untracked 
|  39|0x00000000a3300000, 0x00000000a3300000, 0x00000000a3400000|  0%| F|  |TAMS 0x00000000a3300000, 0x00000000a3300000| Untracked 
|  40|0x00000000a3400000, 0x00000000a3400000, 0x00000000a3500000|  0%| F|  |TAMS 0x00000000a3400000, 0x00000000a3400000| Untracked 
|  41|0x00000000a3500000, 0x00000000a3500000, 0x00000000a3600000|  0%| F|  |TAMS 0x00000000a3500000, 0x00000000a3500000| Untracked 
|  42|0x00000000a3600000, 0x00000000a3600000, 0x00000000a3700000|  0%| F|  |TAMS 0x00000000a3600000, 0x00000000a3600000| Untracked 
|  43|0x00000000a3700000, 0x00000000a3700000, 0x00000000a3800000|  0%| F|  |TAMS 0x00000000a3700000, 0x00000000a3700000| Untracked 
|  44|0x00000000a3800000, 0x00000000a3800000, 0x00000000a3900000|  0%| F|  |TAMS 0x00000000a3800000, 0x00000000a3800000| Untracked 
|  45|0x00000000a3900000, 0x00000000a3900000, 0x00000000a3a00000|  0%| F|  |TAMS 0x00000000a3900000, 0x00000000a3900000| Untracked 
|  46|0x00000000a3a00000, 0x00000000a3a00000, 0x00000000a3b00000|  0%| F|  |TAMS 0x00000000a3a00000, 0x00000000a3a00000| Untracked 
|  47|0x00000000a3b00000, 0x00000000a3b00000, 0x00000000a3c00000|  0%| F|  |TAMS 0x00000000a3b00000, 0x00000000a3b00000| Untracked 
|  48|0x00000000a3c00000, 0x00000000a3c00000, 0x00000000a3d00000|  0%| F|  |TAMS 0x00000000a3c00000, 0x00000000a3c00000| Untracked 
|  49|0x00000000a3d00000, 0x00000000a3d00000, 0x00000000a3e00000|  0%| F|  |TAMS 0x00000000a3d00000, 0x00000000a3d00000| Untracked 
|  50|0x00000000a3e00000, 0x00000000a3e00000, 0x00000000a3f00000|  0%| F|  |TAMS 0x00000000a3e00000, 0x00000000a3e00000| Untracked 
|  51|0x00000000a3f00000, 0x00000000a3f00000, 0x00000000a4000000|  0%| F|  |TAMS 0x00000000a3f00000, 0x00000000a3f00000| Untracked 
|  52|0x00000000a4000000, 0x00000000a4000000, 0x00000000a4100000|  0%| F|  |TAMS 0x00000000a4000000, 0x00000000a4000000| Untracked 
|  53|0x00000000a4100000, 0x00000000a4100000, 0x00000000a4200000|  0%| F|  |TAMS 0x00000000a4100000, 0x00000000a4100000| Untracked 
|  54|0x00000000a4200000, 0x00000000a4200000, 0x00000000a4300000|  0%| F|  |TAMS 0x00000000a4200000, 0x00000000a4200000| Untracked 
|  55|0x00000000a4300000, 0x00000000a4300000, 0x00000000a4400000|  0%| F|  |TAMS 0x00000000a4300000, 0x00000000a4300000| Untracked 
|  56|0x00000000a4400000, 0x00000000a4400000, 0x00000000a4500000|  0%| F|  |TAMS 0x00000000a4400000, 0x00000000a4400000| Untracked 
|  57|0x00000000a4500000, 0x00000000a4500000, 0x00000000a4600000|  0%| F|  |TAMS 0x00000000a4500000, 0x00000000a4500000| Untracked 
|  58|0x00000000a4600000, 0x00000000a4600000, 0x00000000a4700000|  0%| F|  |TAMS 0x00000000a4600000, 0x00000000a4600000| Untracked 
|  59|0x00000000a4700000, 0x00000000a4700000, 0x00000000a4800000|  0%| F|  |TAMS 0x00000000a4700000, 0x00000000a4700000| Untracked 
|  60|0x00000000a4800000, 0x00000000a4800000, 0x00000000a4900000|  0%| F|  |TAMS 0x00000000a4800000, 0x00000000a4800000| Untracked 
|  61|0x00000000a4900000, 0x00000000a4900000, 0x00000000a4a00000|  0%| F|  |TAMS 0x00000000a4900000, 0x00000000a4900000| Untracked 
|  62|0x00000000a4a00000, 0x00000000a4a00000, 0x00000000a4b00000|  0%| F|  |TAMS 0x00000000a4a00000, 0x00000000a4a00000| Untracked 
|  63|0x00000000a4b00000, 0x00000000a4b00000, 0x00000000a4c00000|  0%| F|  |TAMS 0x00000000a4b00000, 0x00000000a4b00000| Untracked 
|  64|0x00000000a4c00000, 0x00000000a4c00000, 0x00000000a4d00000|  0%| F|  |TAMS 0x00000000a4c00000, 0x00000000a4c00000| Untracked 
|  65|0x00000000a4d00000, 0x00000000a4d00000, 0x00000000a4e00000|  0%| F|  |TAMS 0x00000000a4d00000, 0x00000000a4d00000| Untracked 
|  66|0x00000000a4e00000, 0x00000000a4e00000, 0x00000000a4f00000|  0%| F|  |TAMS 0x00000000a4e00000, 0x00000000a4e00000| Untracked 
|  67|0x00000000a4f00000, 0x00000000a4f00000, 0x00000000a5000000|  0%| F|  |TAMS 0x00000000a4f00000, 0x00000000a4f00000| Untracked 
|  68|0x00000000a5000000, 0x00000000a5000000, 0x00000000a5100000|  0%| F|  |TAMS 0x00000000a5000000, 0x00000000a5000000| Untracked 
|  69|0x00000000a5100000, 0x00000000a5100000, 0x00000000a5200000|  0%| F|  |TAMS 0x00000000a5100000, 0x00000000a5100000| Untracked 
|  70|0x00000000a5200000, 0x00000000a5200000, 0x00000000a5300000|  0%| F|  |TAMS 0x00000000a5200000, 0x00000000a5200000| Untracked 
|  71|0x00000000a5300000, 0x00000000a5300000, 0x00000000a5400000|  0%| F|  |TAMS 0x00000000a5300000, 0x00000000a5300000| Untracked 
|  72|0x00000000a5400000, 0x00000000a5400000, 0x00000000a5500000|  0%| F|  |TAMS 0x00000000a5400000, 0x00000000a5400000| Untracked 
|  73|0x00000000a5500000, 0x00000000a5500000, 0x00000000a5600000|  0%| F|  |TAMS 0x00000000a5500000, 0x00000000a5500000| Untracked 
|  74|0x00000000a5600000, 0x00000000a5600000, 0x00000000a5700000|  0%| F|  |TAMS 0x00000000a5600000, 0x00000000a5600000| Untracked 
|  75|0x00000000a5700000, 0x00000000a5700000, 0x00000000a5800000|  0%| F|  |TAMS 0x00000000a5700000, 0x00000000a5700000| Untracked 
|  76|0x00000000a5800000, 0x00000000a5800000, 0x00000000a5900000|  0%| F|  |TAMS 0x00000000a5800000, 0x00000000a5800000| Untracked 
|  77|0x00000000a5900000, 0x00000000a5900000, 0x00000000a5a00000|  0%| F|  |TAMS 0x00000000a5900000, 0x00000000a5900000| Untracked 
|  78|0x00000000a5a00000, 0x00000000a5a00000, 0x00000000a5b00000|  0%| F|  |TAMS 0x00000000a5a00000, 0x00000000a5a00000| Untracked 
|  79|0x00000000a5b00000, 0x00000000a5b00000, 0x00000000a5c00000|  0%| F|  |TAMS 0x00000000a5b00000, 0x00000000a5b00000| Untracked 
|  80|0x00000000a5c00000, 0x00000000a5c00000, 0x00000000a5d00000|  0%| F|  |TAMS 0x00000000a5c00000, 0x00000000a5c00000| Untracked 
|  81|0x00000000a5d00000, 0x00000000a5d00000, 0x00000000a5e00000|  0%| F|  |TAMS 0x00000000a5d00000, 0x00000000a5d00000| Untracked 
|  82|0x00000000a5e00000, 0x00000000a5e00000, 0x00000000a5f00000|  0%| F|  |TAMS 0x00000000a5e00000, 0x00000000a5e00000| Untracked 
|  83|0x00000000a5f00000, 0x00000000a5f00000, 0x00000000a6000000|  0%| F|  |TAMS 0x00000000a5f00000, 0x00000000a5f00000| Untracked 
|  84|0x00000000a6000000, 0x00000000a6000000, 0x00000000a6100000|  0%| F|  |TAMS 0x00000000a6000000, 0x00000000a6000000| Untracked 
|  85|0x00000000a6100000, 0x00000000a6100000, 0x00000000a6200000|  0%| F|  |TAMS 0x00000000a6100000, 0x00000000a6100000| Untracked 
|  86|0x00000000a6200000, 0x00000000a6200000, 0x00000000a6300000|  0%| F|  |TAMS 0x00000000a6200000, 0x00000000a6200000| Untracked 
|  87|0x00000000a6300000, 0x00000000a6300000, 0x00000000a6400000|  0%| F|  |TAMS 0x00000000a6300000, 0x00000000a6300000| Untracked 
|  88|0x00000000a6400000, 0x00000000a6400000, 0x00000000a6500000|  0%| F|  |TAMS 0x00000000a6400000, 0x00000000a6400000| Untracked 
|  89|0x00000000a6500000, 0x00000000a6500000, 0x00000000a6600000|  0%| F|  |TAMS 0x00000000a6500000, 0x00000000a6500000| Untracked 
|  90|0x00000000a6600000, 0x00000000a6600000, 0x00000000a6700000|  0%| F|  |TAMS 0x00000000a6600000, 0x00000000a6600000| Untracked 
|  91|0x00000000a6700000, 0x00000000a6700000, 0x00000000a6800000|  0%| F|  |TAMS 0x00000000a6700000, 0x00000000a6700000| Untracked 
|  92|0x00000000a6800000, 0x00000000a6876448, 0x00000000a6900000| 46%| E|  |TAMS 0x00000000a6800000, 0x00000000a6800000| Complete 
|  93|0x00000000a6900000, 0x00000000a6a00000, 0x00000000a6a00000|100%| E|CS|TAMS 0x00000000a6900000, 0x00000000a6900000| Complete 
|  94|0x00000000a6a00000, 0x00000000a6b00000, 0x00000000a6b00000|100%| E|CS|TAMS 0x00000000a6a00000, 0x00000000a6a00000| Complete 
|  95|0x00000000a6b00000, 0x00000000a6c00000, 0x00000000a6c00000|100%| E|CS|TAMS 0x00000000a6b00000, 0x00000000a6b00000| Complete 

Card table byte_map: [0x000001cd1bfc0000,0x000001cd1c2c0000] _byte_map_base: 0x000001cd1baba000

Marking Bits (Prev, Next): (CMBitMap*) 0x000001cd04a7d040, (CMBitMap*) 0x000001cd04a7d080
 Prev Bits: [0x000001cd1c5c0000, 0x000001cd1dd90000)
 Next Bits: [0x000001cd1dd90000, 0x000001cd1f560000)

Polling page: 0x000001cd029f0000

Metaspace:

Usage:
  Non-class:    904.08 KB used.
      Class:     74.01 KB used.
       Both:    978.09 KB used.

Virtual space:
  Non-class space:       64.00 MB reserved,     960.00 KB (  1%) committed,  1 nodes.
      Class space:        1.00 GB reserved,     128.00 KB ( <1%) committed,  1 nodes.
             Both:        1.06 GB reserved,       1.06 MB ( <1%) committed. 

Chunk freelists:
   Non-Class:  3.89 MB
       Class:  3.73 MB
        Both:  7.62 MB

MaxMetaspaceSize: unlimited
CompressedClassSpaceSize: 1.00 GB
Initial GC threshold: 21.00 MB
Current GC threshold: 21.00 MB
CDS: on
MetaspaceReclaimPolicy: balanced
 - commit_granule_bytes: 65536.
 - commit_granule_words: 8192.
 - virtual_space_node_default_size: 8388608.
 - enlarge_chunks_in_place: 1.
 - new_chunks_are_fully_committed: 0.
 - uncommit_free_chunks: 1.
 - use_allocation_guard: 0.


Internal statistics:

num_allocs_failed_limit: 0.
num_arena_births: 26.
num_arena_deaths: 0.
num_vsnodes_births: 2.
num_vsnodes_deaths: 0.
num_space_committed: 17.
num_space_uncommitted: 0.
num_chunks_returned_to_freelist: 0.
num_chunks_taken_from_freelist: 39.
num_chunk_merges: 0.
num_chunk_splits: 22.
num_chunks_enlarged: 12.
num_inconsistent_stats: 0.

CodeHeap 'non-profiled nmethods': size=120000Kb used=93Kb max_used=93Kb free=119906Kb
 bounds [0x000001cd14460000, 0x000001cd146d0000, 0x000001cd1b990000]
CodeHeap 'profiled nmethods': size=120000Kb used=335Kb max_used=335Kb free=119664Kb
 bounds [0x000001cd0c990000, 0x000001cd0cc00000, 0x000001cd13ec0000]
CodeHeap 'non-nmethods': size=5760Kb used=1219Kb max_used=1227Kb free=4541Kb
 bounds [0x000001cd13ec0000, 0x000001cd14130000, 0x000001cd14460000]
 total_blobs=714 nmethods=294 adapters=331
 compilation: enabled
              stopped_count=0, restarted_count=0
 full_count=0

Compilation events (20 events):
Event: 0.225 Thread 0x000001cd21f89840  262       3       java.util.regex.Matcher::start (22 bytes)
Event: 0.225 Thread 0x000001cd21f89840 nmethod 262 0x000001cd0c9d6b10 code [0x000001cd0c9d6cc0, 0x000001cd0c9d6e88]
Event: 0.225 Thread 0x000001cd21f89840  263       3       java.util.regex.Matcher::end (22 bytes)
Event: 0.225 Thread 0x000001cd21f7eeb0  267       4       java.util.regex.Pattern$$Lambda$18/0x800000028::is (9 bytes)
Event: 0.225 Thread 0x000001cd21f89840 nmethod 263 0x000001cd0c9d6f90 code [0x000001cd0c9d7140, 0x000001cd0c9d7308]
Event: 0.225 Thread 0x000001cd21f89840  264       3       java.util.regex.Matcher::find (69 bytes)
Event: 0.226 Thread 0x000001cd21f89840 nmethod 264 0x000001cd0c9d7410 code [0x000001cd0c9d75e0, 0x000001cd0c9d78e8]
Event: 0.226 Thread 0x000001cd21f89840  265       3       java.util.regex.Pattern$LastNode::match (45 bytes)
Event: 0.226 Thread 0x000001cd21f7eeb0 nmethod 267 0x000001cd14476190 code [0x000001cd14476300, 0x000001cd14476398]
Event: 0.226 Thread 0x000001cd21f7eeb0  268       4       java.util.regex.Pattern$BmpCharPropertyGreedy::match (89 bytes)
Event: 0.226 Thread 0x000001cd21f89840 nmethod 265 0x000001cd0c9d7a10 code [0x000001cd0c9d7bc0, 0x000001cd0c9d7dd8]
Event: 0.226 Thread 0x000001cd21f89840  266       3       java.lang.String::subSequence (7 bytes)
Event: 0.226 Thread 0x000001cd21f89840 nmethod 266 0x000001cd0c9d7f10 code [0x000001cd0c9d80c0, 0x000001cd0c9d8208]
Event: 0.226 Thread 0x000001cd21f89840  270       3       java.util.ImmutableCollections$SetN::<init> (90 bytes)
Event: 0.227 Thread 0x000001cd21f89840 nmethod 270 0x000001cd0c9d8290 code [0x000001cd0c9d8540, 0x000001cd0c9d9268]
Event: 0.232 Thread 0x000001cd21f7eeb0 nmethod 268 0x000001cd14476490 code [0x000001cd14476640, 0x000001cd14476a78]
Event: 0.232 Thread 0x000001cd21f7eeb0  269       4       java.util.regex.Matcher::search (154 bytes)
Event: 0.232 Thread 0x000001cd21f89840  272       3       java.lang.StringLatin1::replace (198 bytes)
Event: 0.233 Thread 0x000001cd21f89840 nmethod 272 0x000001cd0c9d9710 code [0x000001cd0c9d99a0, 0x000001cd0c9da708]
Event: 0.235 Thread 0x000001cd21f89840  273       3       java.lang.invoke.MemberName::getMethodOrFieldType (72 bytes)

GC Heap History (0 events):
No events

Dll operation events (10 events):
Event: 0.047 Loaded shared library C:\Program Files\Java\jdk-19\bin\java.dll
Event: 0.065 Loaded shared library C:\Program Files\Java\jdk-19\bin\jsvml.dll
Event: 0.158 Loaded shared library C:\Program Files\Java\jdk-19\bin\zip.dll
Event: 0.162 Loaded shared library C:\Program Files\Java\jdk-19\bin\instrument.dll
Event: 0.173 Loaded shared library C:\Program Files\Java\jdk-19\bin\net.dll
Event: 0.175 Loaded shared library C:\Program Files\Java\jdk-19\bin\nio.dll
Event: 0.182 Loaded shared library C:\Program Files\Java\jdk-19\bin\zip.dll
Event: 0.198 Loaded shared library C:\Program Files\JetBrains\IntelliJ IDEA 2022.2.3\bin\breakgen64.dll
Event: 0.211 Loaded shared library C:\Program Files\Java\jdk-19\bin\extnet.dll
Event: 0.217 Loaded shared library C:\Program Files\Java\jdk-19\bin\jimage.dll

Deoptimization events (4 events):
Event: 0.200 Thread 0x000001cd04a2b8a0 Uncommon trap: trap_request=0xffffff45 fr.pc=0x000001cd144710c4 relative=0x00000000000000a4
Event: 0.200 Thread 0x000001cd04a2b8a0 Uncommon trap: reason=unstable_if action=reinterpret pc=0x000001cd144710c4 method=java.lang.String.isLatin1()Z @ 10 c2
Event: 0.200 Thread 0x000001cd04a2b8a0 DEOPT PACKING pc=0x000001cd144710c4 sp=0x000000406b1ff2d0
Event: 0.200 Thread 0x000001cd04a2b8a0 DEOPT UNPACKING pc=0x000001cd13f26da3 sp=0x000000406b1ff210 mode 2

Classes loaded (20 events):
Event: 0.219 Loading class sun/nio/ch/NioSocketImpl$1
Event: 0.219 Loading class sun/nio/ch/NioSocketImpl$1 done
Event: 0.219 Loading class sun/nio/cs/US_ASCII$Decoder
Event: 0.219 Loading class sun/nio/cs/US_ASCII$Decoder done
Event: 0.220 Loading class sun/nio/ch/Util
Event: 0.220 Loading class sun/nio/ch/Util done
Event: 0.220 Loading class sun/nio/ch/Util$1
Event: 0.220 Loading class sun/nio/ch/Util$1 done
Event: 0.220 Loading class sun/nio/ch/Util$BufferCache
Event: 0.220 Loading class sun/nio/ch/Util$BufferCache done
Event: 0.220 Loading class java/nio/DirectByteBuffer$Deallocator
Event: 0.220 Loading class java/nio/DirectByteBuffer$Deallocator done
Event: 0.231 Loading class sun/util/resources/LocaleData$CommonResourceBundleProvider
Event: 0.231 Loading class sun/util/resources/LocaleData$LocaleDataResourceBundleProvider
Event: 0.231 Loading class java/util/spi/ResourceBundleProvider
Event: 0.231 Loading class java/util/spi/ResourceBundleProvider done
Event: 0.231 Loading class sun/util/resources/LocaleData$LocaleDataResourceBundleProvider done
Event: 0.231 Loading class sun/util/resources/LocaleData$CommonResourceBundleProvider done
Event: 0.234 Loading class java/util/ArrayList$SubList$1
Event: 0.235 Loading class java/util/ArrayList$SubList$1 done

Classes unloaded (0 events):
No events

Classes redefined (0 events):
No events

Internal exceptions (3 events):
Event: 0.184 Thread 0x000001cd04a2b8a0 Exception <a 'java/lang/NoSuchMethodError'{0x00000000a69347d0}: 'void java.lang.invoke.DirectMethodHandle$Holder.invokeStatic(java.lang.Object, java.lang.Object, java.lang.Object)'> (0x00000000a69347d0) 
thrown [s\open\src\hotspot\share\interpreter\linkResolver.cpp, line 774]
Event: 0.193 Thread 0x000001cd04a2b8a0 Exception <a 'java/lang/NoSuchMethodError'{0x00000000a694cdc8}: 'java.lang.Object java.lang.invoke.Invokers$Holder.invokeExact_MT(java.lang.Object, java.lang.Object, java.lang.Object, java.lang.Object, java.lang.Object)'> (0x00000000a694cdc8) 
thrown [s\open\src\hotspot\share\interpreter\linkResolver.cpp, line 774]
Event: 0.213 Thread 0x000001cd26270b30 Exception <a 'java/lang/NoSuchMethodError'{0x00000000a697d888}: 'void java.lang.invoke.DirectMethodHandle$Holder.invokeStatic(java.lang.Object, java.lang.Object)'> (0x00000000a697d888) 
thrown [s\open\src\hotspot\share\interpreter\linkResolver.cpp, line 774]

VM Operations (4 events):
Event: 0.138 Executing VM operation: HandshakeAllThreads
Event: 0.138 Executing VM operation: HandshakeAllThreads done
Event: 0.202 Executing VM operation: HandshakeAllThreads
Event: 0.202 Executing VM operation: HandshakeAllThreads done

Events (13 events):
Event: 0.065 Thread 0x000001cd04a2b8a0 Thread added: 0x000001cd04a2b8a0
Event: 0.088 Thread 0x000001cd21f6ec60 Thread added: 0x000001cd21f6ec60
Event: 0.088 Thread 0x000001cd21f6fa50 Thread added: 0x000001cd21f6fa50
Event: 0.089 Thread 0x000001cd21f73b20 Thread added: 0x000001cd21f73b20
Event: 0.089 Thread 0x000001cd21f77b30 Thread added: 0x000001cd21f77b30
Event: 0.089 Thread 0x000001cd21f78820 Thread added: 0x000001cd21f78820
Event: 0.089 Thread 0x000001cd21f7c2f0 Thread added: 0x000001cd21f7c2f0
Event: 0.089 Thread 0x000001cd21f7eeb0 Thread added: 0x000001cd21f7eeb0
Event: 0.089 Thread 0x000001cd21f89840 Thread added: 0x000001cd21f89840
Event: 0.089 Thread 0x000001cd21f94990 Thread added: 0x000001cd21f94990
Event: 0.125 Thread 0x000001cd21f44e30 Thread added: 0x000001cd21f44e30
Event: 0.198 Thread 0x000001cd26270b30 Thread added: 0x000001cd26270b30
Event: 0.199 Thread 0x000001cd262a1790 Thread added: 0x000001cd262a1790


Dynamic libraries:
0x00007ff7b7940000 - 0x00007ff7b7950000 	C:\Program Files\Java\jdk-19\bin\java.exe
0x00007ff88aad0000 - 0x00007ff88acc8000 	C:\Windows\SYSTEM32\ntdll.dll
0x00007ff888f00000 - 0x00007ff888fbf000 	C:\Windows\System32\KERNEL32.DLL
0x00007ff8885a0000 - 0x00007ff888872000 	C:\Windows\System32\KERNELBASE.dll
0x00007ff888880000 - 0x00007ff888980000 	C:\Windows\System32\ucrtbase.dll
0x00007ff87f000000 - 0x00007ff87f01b000 	C:\Program Files\Java\jdk-19\bin\VCRUNTIME140.dll
0x00007ff87ef30000 - 0x00007ff87ef48000 	C:\Program Files\Java\jdk-19\bin\jli.dll
0x00007ff888b10000 - 0x00007ff888bbe000 	C:\Windows\System32\ADVAPI32.dll
0x00007ff8896c0000 - 0x00007ff88975e000 	C:\Windows\System32\msvcrt.dll
0x00007ff889620000 - 0x00007ff8896bc000 	C:\Windows\System32\sechost.dll
0x00007ff88a210000 - 0x00007ff88a335000 	C:\Windows\System32\RPCRT4.dll
0x00007ff888c50000 - 0x00007ff888df1000 	C:\Windows\System32\USER32.dll
0x00007ff874130000 - 0x00007ff8743ca000 	C:\Windows\WinSxS\amd64_microsoft.windows.common-controls_6595b64144ccf1df_6.0.19041.1110_none_60b5254171f9507e\COMCTL32.dll
0x00007ff888980000 - 0x00007ff8889a2000 	C:\Windows\System32\win32u.dll
0x00007ff888bc0000 - 0x00007ff888beb000 	C:\Windows\System32\GDI32.dll
0x00007ff8889b0000 - 0x00007ff888abf000 	C:\Windows\System32\gdi32full.dll
0x00007ff888500000 - 0x00007ff88859d000 	C:\Windows\System32\msvcp_win.dll
0x00007ff881690000 - 0x00007ff88169a000 	C:\Windows\SYSTEM32\VERSION.dll
0x00007ff888ec0000 - 0x00007ff888ef2000 	C:\Windows\System32\IMM32.DLL
0x00007ff8851a0000 - 0x00007ff8851ac000 	C:\Program Files\Java\jdk-19\bin\vcruntime140_1.dll
0x00007ff876750000 - 0x00007ff8767de000 	C:\Program Files\Java\jdk-19\bin\msvcp140.dll
0x00007ff853870000 - 0x00007ff854530000 	C:\Program Files\Java\jdk-19\bin\server\jvm.dll
0x00007ff876470000 - 0x00007ff876479000 	C:\Windows\SYSTEM32\WSOCK32.dll
0x00007ff878a20000 - 0x00007ff878a47000 	C:\Windows\SYSTEM32\WINMM.dll
0x00007ff8894e0000 - 0x00007ff88954b000 	C:\Windows\System32\WS2_32.dll
0x00007ff886a40000 - 0x00007ff886a52000 	C:\Windows\SYSTEM32\kernel.appcore.dll
0x00007ff87efe0000 - 0x00007ff87efea000 	C:\Program Files\Java\jdk-19\bin\jimage.dll
0x00007ff885e40000 - 0x00007ff886024000 	C:\Windows\SYSTEM32\DBGHELP.DLL
0x00007ff874c10000 - 0x00007ff874c45000 	C:\Windows\SYSTEM32\dbgcore.DLL
0x00007ff888470000 - 0x00007ff8884f2000 	C:\Windows\System32\bcryptPrimitives.dll
0x00007ff8851c0000 - 0x00007ff8851ce000 	C:\Program Files\Java\jdk-19\bin\instrument.dll
0x00007ff87bea0000 - 0x00007ff87bec6000 	C:\Program Files\Java\jdk-19\bin\java.dll
0x00007ff863060000 - 0x00007ff863137000 	C:\Program Files\Java\jdk-19\bin\jsvml.dll
0x00007ff88a340000 - 0x00007ff88aa85000 	C:\Windows\System32\SHELL32.dll
0x00007ff886260000 - 0x00007ff8869f2000 	C:\Windows\SYSTEM32\windows.storage.dll
0x00007ff889b60000 - 0x00007ff889eb5000 	C:\Windows\System32\combase.dll
0x00007ff887b40000 - 0x00007ff887b70000 	C:\Windows\SYSTEM32\Wldp.dll
0x00007ff889430000 - 0x00007ff8894dd000 	C:\Windows\System32\SHCORE.dll
0x00007ff88a070000 - 0x00007ff88a0c5000 	C:\Windows\System32\shlwapi.dll
0x00007ff888100000 - 0x00007ff88811f000 	C:\Windows\SYSTEM32\profapi.dll
0x00007ff87cd50000 - 0x00007ff87cd68000 	C:\Program Files\Java\jdk-19\bin\zip.dll
0x00007ff87b5f0000 - 0x00007ff87b603000 	C:\Program Files\Java\jdk-19\bin\net.dll
0x00007ff87f300000 - 0x00007ff87f40c000 	C:\Windows\SYSTEM32\WINHTTP.dll
0x00007ff8878a0000 - 0x00007ff88790a000 	C:\Windows\system32\mswsock.dll
0x00007ff87b460000 - 0x00007ff87b476000 	C:\Program Files\Java\jdk-19\bin\nio.dll
0x00007ff866860000 - 0x00007ff86687a000 	C:\Program Files\JetBrains\IntelliJ IDEA 2022.2.3\bin\breakgen64.dll
0x00007ff87ef10000 - 0x00007ff87ef18000 	C:\Program Files\Java\jdk-19\bin\extnet.dll

dbghelp: loaded successfully - version: 4.0.5 - missing functions: none
symbol engine: initialized successfully - sym options: 0x614 - pdb path: .;C:\Program Files\Java\jdk-19\bin;C:\Windows\SYSTEM32;C:\Windows\WinSxS\amd64_microsoft.windows.common-controls_6595b64144ccf1df_6.0.19041.1110_none_60b5254171f9507e;C:\Program Files\Java\jdk-19\bin\server;C:\Program Files\JetBrains\IntelliJ IDEA 2022.2.3\bin

VM Arguments:
jvm_args: -javaagent:C:\Program Files\JetBrains\IntelliJ IDEA 2022.2.3\lib\idea_rt.jar=58559:C:\Program Files\JetBrains\IntelliJ IDEA 2022.2.3\bin -Dfile.encoding=UTF-8 -Dsun.stdout.encoding=UTF-8 -Dsun.stderr.encoding=UTF-8 
java_command: Main
java_class_path (initial): C:\Users\usuario\OneDrive - Universidad Icesi (@icesi.edu.co)\Semestres\3er Semestre\APO 2\Seguimiento 5\out\production\Seguimiento 5
Launcher Type: SUN_STANDARD

[Global flags]
     intx CICompilerCount                          = 4                                         {product} {ergonomic}
     uint ConcGCThreads                            = 2                                         {product} {ergonomic}
     uint G1ConcRefinementThreads                  = 8                                         {product} {ergonomic}
   size_t G1HeapRegionSize                         = 1048576                                   {product} {ergonomic}
    uintx GCDrainStackTargetSize                   = 64                                        {product} {ergonomic}
   size_t InitialHeapSize                          = 100663296                                 {product} {ergonomic}
   size_t MarkStackSize                            = 4194304                                   {product} {ergonomic}
   size_t MaxHeapSize                              = 1598029824                                {product} {ergonomic}
   size_t MaxNewSize                               = 958398464                                 {product} {ergonomic}
   size_t MinHeapDeltaBytes                        = 1048576                                   {product} {ergonomic}
   size_t MinHeapSize                              = 8388608                                   {product} {ergonomic}
    uintx NonNMethodCodeHeapSize                   = 5839372                                {pd product} {ergonomic}
    uintx NonProfiledCodeHeapSize                  = 122909434                              {pd product} {ergonomic}
    uintx ProfiledCodeHeapSize                     = 122909434                              {pd product} {ergonomic}
    uintx ReservedCodeCacheSize                    = 251658240                              {pd product} {ergonomic}
     bool SegmentedCodeCache                       = true                                      {product} {ergonomic}
   size_t SoftMaxHeapSize                          = 1598029824                             {manageable} {ergonomic}
     bool UseCompressedClassPointers               = true                           {product lp64_product} {ergonomic}
     bool UseCompressedOops                        = true                           {product lp64_product} {ergonomic}
     bool UseG1GC                                  = true                                      {product} {ergonomic}
     bool UseLargePagesIndividualAllocation        = false                                  {pd product} {ergonomic}

Logging:
Log output configuration:
 #0: stdout all=warning uptime,level,tags foldmultilines=false
 #1: stderr all=off uptime,level,tags foldmultilines=false

Environment Variables:
JAVA_HOME=C:\Program Files\Java\jdk-19\bin
PATH=C:\Program Files\Common Files\Oracle\Java\javapath;C:\Program Files (x86)\Common Files\Oracle\Java\javapath;C:\Windows\system32;C:\Windows;C:\Windows\System32\Wbem;C:\Windows\System32\WindowsPowerShell\v1.0\;C:\Windows\System32\OpenSSH\;C:\Program Files\Java\jdk-19\bin;C:\Program Files\dotnet\;C:\Program Files\Git\cmd;C:\Users\usuario\AppData\Local\Programs\Python\Python310\Scripts\;C:\Users\usuario\AppData\Local\Programs\Python\Python310\;C:\Users\usuario\AppData\Local\Microsoft\WindowsApps;C:\Users\usuario\AppData\Local\Programs\Microsoft VS Code\bin;C:\Users\usuario\.dotnet\tools;C:\Users\usuario\AppData\Local\GitHubDesktop\bin;C:\Program Files\JetBrains\IntelliJ IDEA 2022.2.3\bin;
USERNAME=usuario
OS=Windows_NT
PROCESSOR_IDENTIFIER=AMD64 Family 23 Model 24 Stepping 1, AuthenticAMD
TMP=C:\Users\usuario\AppData\Local\Temp
TEMP=C:\Users\usuario\AppData\Local\Temp



---------------  S Y S T E M  ---------------

OS:
 Windows 10 , 64 bit Build 19041 (10.0.19041.2546)
OS uptime: 2 days 2:55 hours

CPU: total 8 (initial active 8) (8 cores per cpu, 2 threads per core) family 23 model 24 stepping 1 microcode 0x0, cx8, cmov, fxsr, ht, mmx, 3dnowpref, sse, sse2, sse3, ssse3, sse4a, sse4.1, sse4.2, popcnt, lzcnt, tsc, tscinvbit, avx, avx2, aes, clmul, bmi1, bmi2, adx, sha, fma, vzeroupper, clflush, clflushopt, rdtscp

Memory: 4k page, system-wide physical 6091M (716M free)
TotalPageFile size 12041M (AvailPageFile size 5M)
current process WorkingSet (physical memory assigned to process): 36M, peak: 36M
current process commit charge ("private bytes"): 179M, peak: 179M

vm_info: Java HotSpot(TM) 64-Bit Server VM (19+36-2238) for windows-amd64 JRE (19+36-2238), built on 2022-08-12T20:29:01Z by "mach5one" with MS VC++ 17.1 (VS2022)

END.
