#
# There is insufficient memory for the Java Runtime Environment to continue.
# Native memory allocation (mmap) failed to map 1572864 bytes for G1 virtual space
# Possible reasons:
#   The system is out of physical RAM or swap space
#   The process is running with CompressedOops enabled, and the Java Heap may be blocking the growth of the native heap
# Possible solutions:
#   Reduce memory load on the system
#   Increase physical memory or swap space
#   Check if swap backing store is full
#   Decrease Java heap size (-Xmx/-Xms)
#   Decrease number of Java threads
#   Decrease Java thread stack sizes (-Xss)
#   Set larger code cache with -XX:ReservedCodeCacheSize=
#   JVM is running with Unscaled Compressed Oops mode in which the Java heap is
#     placed in the first 4GB address space. The Java Heap base address is the
#     maximum limit for the native heap growth. Please use -XX:HeapBaseMinAddress
#     to set the Java Heap base and to place the Java Heap above 4GB virtual address.
# This output file may be truncated or incomplete.
#
#  Out of Memory Error (os_windows.cpp:3527), pid=8136, tid=3476
#
# JRE version:  (19.0+36) (build )
# Java VM: Java HotSpot(TM) 64-Bit Server VM (19+36-2238, mixed mode, sharing, tiered, compressed oops, compressed class ptrs, g1 gc, windows-amd64)
# No core dump will be written. Minidumps are not enabled by default on client versions of Windows
#

---------------  S U M M A R Y ------------

Command Line: -javaagent:C:\Program Files\JetBrains\IntelliJ IDEA 2022.2.3\lib\idea_rt.jar=58550:C:\Program Files\JetBrains\IntelliJ IDEA 2022.2.3\bin -Dfile.encoding=UTF-8 -Dsun.stdout.encoding=UTF-8 -Dsun.stderr.encoding=UTF-8 Main

Host: AMD Ryzen 5 3500U with Radeon Vega Mobile Gfx  , 8 cores, 5G,  Windows 10 , 64 bit Build 19041 (10.0.19041.2546)
Time: Sat Mar  4 11:15:25 2023 Hora est. Pacífico, Sudamérica elapsed time: 0.016005 seconds (0d 0h 0m 0s)

---------------  T H R E A D  ---------------

Current thread (0x000001c481c3c310):  JavaThread "Unknown thread" [_thread_in_vm, id=3476, stack(0x000000b03d600000,0x000000b03d700000)]

Stack: [0x000000b03d600000,0x000000b03d700000]
Native frames: (J=compiled Java code, j=interpreted, Vv=VM code, C=native code)
V  [jvm.dll+0x6ee8fa]
V  [jvm.dll+0x857a1e]
V  [jvm.dll+0x85940e]
V  [jvm.dll+0x859ac3]
V  [jvm.dll+0x28291f]
V  [jvm.dll+0x6eb6e9]
V  [jvm.dll+0x6e028a]
V  [jvm.dll+0x357136]
V  [jvm.dll+0x35eb96]
V  [jvm.dll+0x3b5588]
V  [jvm.dll+0x3b578f]
V  [jvm.dll+0x32c6ea]
V  [jvm.dll+0x32d59e]
V  [jvm.dll+0x821b20]
V  [jvm.dll+0x3c27c1]
V  [jvm.dll+0x8022f1]
V  [jvm.dll+0x44b30f]
V  [jvm.dll+0x44cc91]
C  [jli.dll+0x5287]
C  [ucrtbase.dll+0x21bb2]
C  [KERNEL32.DLL+0x17614]
C  [ntdll.dll+0x526a1]


---------------  P R O C E S S  ---------------

Threads class SMR info:
_java_thread_list=0x00007ff8543ed048, length=0, elements={
}

Java Threads: ( => current thread )

Other Threads:
  0x000001c481c8ce60 WorkerThread "GC Thread#0" [stack: 0x000000b03d700000,0x000000b03d800000] [id=9428]
  0x000001c481c99de0 ConcurrentGCThread "G1 Main Marker" [stack: 0x000000b03d800000,0x000000b03d900000] [id=13400]
  0x000001c481c9bfc0 WorkerThread "G1 Conc#0" [stack: 0x000000b03d900000,0x000000b03da00000] [id=7788]

[error occurred during error reporting (printing all threads), id 0xc0000005, EXCEPTION_ACCESS_VIOLATION (0xc0000005) at pc=0x00007ff853bad127]

VM state: not at safepoint (not fully initialized)

VM Mutex/Monitor currently owned by a thread:  ([mutex/lock_event])
[0x000001c481c37bc0] Heap_lock - owner thread: 0x000001c481c3c310

Heap address: 0x00000000a0c00000, size: 1524 MB, Compressed Oops mode: 32-bit

CDS archive(s) mapped at: [0x0000000000000000-0x0000000000000000-0x0000000000000000), size 0, SharedBaseAddress: 0x0000000800000000, ArchiveRelocationMode: 0.
Narrow klass base: 0x0000000000000000, Narrow klass shift: 0, Narrow klass range: 0x0

GC Precious Log:
 CardTable entry size: 512
 Card Set container configuration: InlinePtr #cards 5 size 8 Array Of Cards #cards 12 size 40 Howl #buckets 4 coarsen threshold 1843 Howl Bitmap #cards 512 size 80 coarsen threshold 460 Card regions per heap region 1 cards per card region 2048

Heap:
 garbage-first heap   total 0K, used 0K [0x00000000a0c00000, 0x0000000100000000)
  region size 1024K, 0 young (0K), 0 survivors (0K)

[error occurred during error reporting (printing heap information), id 0xc0000005, EXCEPTION_ACCESS_VIOLATION (0xc0000005) at pc=0x00007ff853fb6959]

GC Heap History (0 events):
No events

Dll operation events (1 events):
Event: 0.010 Loaded shared library C:\Program Files\Java\jdk-19\bin\java.dll

Deoptimization events (0 events):
No events

Classes loaded (0 events):
No events

Classes unloaded (0 events):
No events

Classes redefined (0 events):
No events

Internal exceptions (0 events):
No events

VM Operations (0 events):
No events

Events (0 events):
No events


Dynamic libraries:
0x00007ff7b7940000 - 0x00007ff7b7950000 	C:\Program Files\Java\jdk-19\bin\java.exe
0x00007ff88aad0000 - 0x00007ff88acc8000 	C:\Windows\SYSTEM32\ntdll.dll
0x00007ff888f00000 - 0x00007ff888fbf000 	C:\Windows\System32\KERNEL32.DLL
0x00007ff8885a0000 - 0x00007ff888872000 	C:\Windows\System32\KERNELBASE.dll
0x00007ff888880000 - 0x00007ff888980000 	C:\Windows\System32\ucrtbase.dll
0x00007ff87f000000 - 0x00007ff87f01b000 	C:\Program Files\Java\jdk-19\bin\VCRUNTIME140.dll
0x00007ff87ef30000 - 0x00007ff87ef48000 	C:\Program Files\Java\jdk-19\bin\jli.dll
0x00007ff888b10000 - 0x00007ff888bbe000 	C:\Windows\System32\ADVAPI32.dll
0x00007ff8896c0000 - 0x00007ff88975e000 	C:\Windows\System32\msvcrt.dll
0x00007ff889620000 - 0x00007ff8896bc000 	C:\Windows\System32\sechost.dll
0x00007ff88a210000 - 0x00007ff88a335000 	C:\Windows\System32\RPCRT4.dll
0x00007ff888c50000 - 0x00007ff888df1000 	C:\Windows\System32\USER32.dll
0x00007ff874130000 - 0x00007ff8743ca000 	C:\Windows\WinSxS\amd64_microsoft.windows.common-controls_6595b64144ccf1df_6.0.19041.1110_none_60b5254171f9507e\COMCTL32.dll
0x00007ff888980000 - 0x00007ff8889a2000 	C:\Windows\System32\win32u.dll
0x00007ff888bc0000 - 0x00007ff888beb000 	C:\Windows\System32\GDI32.dll
0x00007ff8889b0000 - 0x00007ff888abf000 	C:\Windows\System32\gdi32full.dll
0x00007ff888500000 - 0x00007ff88859d000 	C:\Windows\System32\msvcp_win.dll
0x00007ff881690000 - 0x00007ff88169a000 	C:\Windows\SYSTEM32\VERSION.dll
0x00007ff888ec0000 - 0x00007ff888ef2000 	C:\Windows\System32\IMM32.DLL
0x00007ff8851a0000 - 0x00007ff8851ac000 	C:\Program Files\Java\jdk-19\bin\vcruntime140_1.dll
0x00007ff876750000 - 0x00007ff8767de000 	C:\Program Files\Java\jdk-19\bin\msvcp140.dll
0x00007ff853870000 - 0x00007ff854530000 	C:\Program Files\Java\jdk-19\bin\server\jvm.dll
0x00007ff876470000 - 0x00007ff876479000 	C:\Windows\SYSTEM32\WSOCK32.dll
0x00007ff878a20000 - 0x00007ff878a47000 	C:\Windows\SYSTEM32\WINMM.dll
0x00007ff8894e0000 - 0x00007ff88954b000 	C:\Windows\System32\WS2_32.dll
0x00007ff886a40000 - 0x00007ff886a52000 	C:\Windows\SYSTEM32\kernel.appcore.dll
0x00007ff87efe0000 - 0x00007ff87efea000 	C:\Program Files\Java\jdk-19\bin\jimage.dll
0x00007ff885e40000 - 0x00007ff886024000 	C:\Windows\SYSTEM32\DBGHELP.DLL
0x00007ff874c10000 - 0x00007ff874c45000 	C:\Windows\SYSTEM32\dbgcore.DLL
0x00007ff888470000 - 0x00007ff8884f2000 	C:\Windows\System32\bcryptPrimitives.dll
0x00007ff8765c0000 - 0x00007ff8765ce000 	C:\Program Files\Java\jdk-19\bin\instrument.dll
0x00007ff87bea0000 - 0x00007ff87bec6000 	C:\Program Files\Java\jdk-19\bin\java.dll

dbghelp: loaded successfully - version: 4.0.5 - missing functions: none
symbol engine: initialized successfully - sym options: 0x614 - pdb path: .;C:\Program Files\Java\jdk-19\bin;C:\Windows\SYSTEM32;C:\Windows\WinSxS\amd64_microsoft.windows.common-controls_6595b64144ccf1df_6.0.19041.1110_none_60b5254171f9507e;C:\Program Files\Java\jdk-19\bin\server

VM Arguments:
jvm_args: -javaagent:C:\Program Files\JetBrains\IntelliJ IDEA 2022.2.3\lib\idea_rt.jar=58550:C:\Program Files\JetBrains\IntelliJ IDEA 2022.2.3\bin -Dfile.encoding=UTF-8 -Dsun.stdout.encoding=UTF-8 -Dsun.stderr.encoding=UTF-8 
java_command: Main
java_class_path (initial): C:\Users\usuario\OneDrive - Universidad Icesi (@icesi.edu.co)\Semestres\3er Semestre\APO 2\Seguimiento 5\out\production\Seguimiento 5
Launcher Type: SUN_STANDARD

[Global flags]
     intx CICompilerCount                          = 4                                         {product} {ergonomic}
     uint ConcGCThreads                            = 2                                         {product} {ergonomic}
     uint G1ConcRefinementThreads                  = 8                                         {product} {ergonomic}
   size_t G1HeapRegionSize                         = 1048576                                   {product} {ergonomic}
    uintx GCDrainStackTargetSize                   = 64                                        {product} {ergonomic}
   size_t InitialHeapSize                          = 100663296                                 {product} {ergonomic}
   size_t MarkStackSize                            = 4194304                                   {product} {ergonomic}
   size_t MaxHeapSize                              = 1598029824                                {product} {ergonomic}
   size_t MinHeapDeltaBytes                        = 1048576                                   {product} {ergonomic}
   size_t MinHeapSize                              = 8388608                                   {product} {ergonomic}
    uintx NonNMethodCodeHeapSize                   = 5839372                                {pd product} {ergonomic}
    uintx NonProfiledCodeHeapSize                  = 122909434                              {pd product} {ergonomic}
    uintx ProfiledCodeHeapSize                     = 122909434                              {pd product} {ergonomic}
    uintx ReservedCodeCacheSize                    = 251658240                              {pd product} {ergonomic}
     bool SegmentedCodeCache                       = true                                      {product} {ergonomic}
   size_t SoftMaxHeapSize                          = 1598029824                             {manageable} {ergonomic}
     bool UseCompressedClassPointers               = true                           {product lp64_product} {ergonomic}
     bool UseCompressedOops                        = true                           {product lp64_product} {ergonomic}
     bool UseG1GC                                  = true                                      {product} {ergonomic}
     bool UseLargePagesIndividualAllocation        = false                                  {pd product} {ergonomic}

Logging:
Log output configuration:
 #0: stdout all=warning uptime,level,tags foldmultilines=false
 #1: stderr all=off uptime,level,tags foldmultilines=false

Environment Variables:
JAVA_HOME=C:\Program Files\Java\jdk-19\bin
PATH=C:\Program Files\Common Files\Oracle\Java\javapath;C:\Program Files (x86)\Common Files\Oracle\Java\javapath;C:\Windows\system32;C:\Windows;C:\Windows\System32\Wbem;C:\Windows\System32\WindowsPowerShell\v1.0\;C:\Windows\System32\OpenSSH\;C:\Program Files\Java\jdk-19\bin;C:\Program Files\dotnet\;C:\Program Files\Git\cmd;C:\Users\usuario\AppData\Local\Programs\Python\Python310\Scripts\;C:\Users\usuario\AppData\Local\Programs\Python\Python310\;C:\Users\usuario\AppData\Local\Microsoft\WindowsApps;C:\Users\usuario\AppData\Local\Programs\Microsoft VS Code\bin;C:\Users\usuario\.dotnet\tools;C:\Users\usuario\AppData\Local\GitHubDesktop\bin;C:\Program Files\JetBrains\IntelliJ IDEA 2022.2.3\bin;
USERNAME=usuario
OS=Windows_NT
PROCESSOR_IDENTIFIER=AMD64 Family 23 Model 24 Stepping 1, AuthenticAMD
TMP=C:\Users\usuario\AppData\Local\Temp
TEMP=C:\Users\usuario\AppData\Local\Temp



---------------  S Y S T E M  ---------------

OS:
 Windows 10 , 64 bit Build 19041 (10.0.19041.2546)
OS uptime: 2 days 2:54 hours

CPU: total 8 (initial active 8) (8 cores per cpu, 2 threads per core) family 23 model 24 stepping 1 microcode 0x0, cx8, cmov, fxsr, ht, mmx, 3dnowpref, sse, sse2, sse3, ssse3, sse4a, sse4.1, sse4.2, popcnt, lzcnt, tsc, tscinvbit, avx, avx2, aes, clmul, bmi1, bmi2, adx, sha, fma, vzeroupper, clflush, clflushopt, rdtscp

Memory: 4k page, system-wide physical 6091M (725M free)
TotalPageFile size 12041M (AvailPageFile size 5M)
current process WorkingSet (physical memory assigned to process): 10M, peak: 10M
current process commit charge ("private bytes"): 158M, peak: 159M

vm_info: Java HotSpot(TM) 64-Bit Server VM (19+36-2238) for windows-amd64 JRE (19+36-2238), built on 2022-08-12T20:29:01Z by "mach5one" with MS VC++ 17.1 (VS2022)

END.
